{"name": "Тест счетчика заказов после создания нового заказа", "status": "broken", "statusDetails": {"message": "selenium.common.exceptions.TimeoutException: Message: \nStacktrace:\n0   chromedriver                        0x0000000104e36a80 chromedriver + 4385408\n1   chromedriver                        0x0000000104e2f38c chromedriver + 4354956\n2   chromedriver                        0x0000000104a4cb0c chromedriver + 281356\n3   chromedriver                        0x0000000104a8f2f8 chromedriver + 553720\n4   chromedriver                        0x0000000104ac7d24 chromedriver + 785700\n5   chromedriver                        0x0000000104a83eec chromedriver + 507628\n6   chromedriver                        0x0000000104a848c4 chromedriver + 510148\n7   chromedriver                        0x0000000104dfe43c chromedriver + 4154428\n8   chromedriver                        0x0000000104e02ea0 chromedriver + 4173472\n9   chromedriver                        0x0000000104de3ff8 chromedriver + 4046840\n10  chromedriver                        0x0000000104e0378c chromedriver + 4175756\n11  chromedriver                        0x0000000104dd6fb8 chromedriver + 3993528\n12  chromedriver                        0x0000000104e2121c chromedriver + 4297244\n13  chromedriver                        0x0000000104e21398 chromedriver + 4297624\n14  chromedriver                        0x0000000104e2ef84 chromedriver + 4353924\n15  libsystem_pthread.dylib             0x00000001902e2f94 _pthread_start + 136\n16  libsystem_pthread.dylib             0x00000001902ddd34 thread_start + 8", "trace": "self = <tests.test_order_feed.TestOrderFeed object at 0x104ea96a0>\nuser_data = [{'email': 'scummings@example.org', 'name': 'Rachael Guzman', 'password': '7INhdP'}, 'Bearer eyJhbGciOiJIUzI1NiIsInR5c...mQ3OWVkMjgwMDAxYjQ1MzA4YiIsImlhdCI6MTcxOTU0ODg4NywiZXhwIjoxNzE5NTUwMDg3fQ.6WiKhuga7j453gcnaMSOPItZA_TmDhOgewYx7n8u5Uw']\nauth_user = <selenium.webdriver.chrome.webdriver.WebDriver (session=\"0a6251acbee9584897066c0ee926e483\")>, counter = ('xpath', \"//p[text()='Выполнено за все время:']/../p[contains(@class, 'digits')]\")\n\n    @allure.title(\"Тест счетчика заказов после создания нового заказа\")\n    @allure.description(\"Проверка значение счетчика до и после создания нового заказа + общее число\")\n    @pytest.mark.parametrize('counter', [OrderFeedLocators.BIG_COUNTER, OrderFeedLocators.TODAY_COUNTER])\n    def test_order_counter_today_and_all_time_value(self, user_data, auth_user, counter):\n        driver = auth_user\n        payload, token = user_data\n        main_page = MainPage(driver)\n        main_page.click_order_feed_button()\n        order_feed_page = OrderFeedPage(driver)\n>       prev_counter_value = order_feed_page.get_order_counter(counter)\n\ntests/test_order_feed.py:43: \n_ _ _ _ _ _ _ _ _ _ _ _ _ _ _ _ _ _ _ _ _ _ _ _ _ _ _ _ _ _ _ _ _ _ _ _ _ _ _ _ _ _ _ _ _ _ _ _ _ _ _ _ _ _ _ _ _ _ _ _ _ _ _ _ _ _ _ _ _ _ _ _ _ _ _ _ _ _ _ _ _ _ _ _ _ _ _ _ _ _ _ _ _ _ _ _ _ _ _ _ _ _ _ _ _ _ _ _ _ _ _ _ _ _ _ _ _ _ _ _ _ _ _ _ _ _ _ _ _ _ _ _ _ _ _ _ _ _ _ _ _ _ _ _ _ _ _ _ _ _ _ _ _ _ _ _ \npages/order_feed_page.py:41: in get_order_counter\n    self.wait_for_visibility_of_element(OrderFeedLocators.ORDER_FEED_HEADER)\npages/base_page.py:32: in wait_for_visibility_of_element\n    WebDriverWait(self.driver, 10).until(\n_ _ _ _ _ _ _ _ _ _ _ _ _ _ _ _ _ _ _ _ _ _ _ _ _ _ _ _ _ _ _ _ _ _ _ _ _ _ _ _ _ _ _ _ _ _ _ _ _ _ _ _ _ _ _ _ _ _ _ _ _ _ _ _ _ _ _ _ _ _ _ _ _ _ _ _ _ _ _ _ _ _ _ _ _ _ _ _ _ _ _ _ _ _ _ _ _ _ _ _ _ _ _ _ _ _ _ _ _ _ _ _ _ _ _ _ _ _ _ _ _ _ _ _ _ _ _ _ _ _ _ _ _ _ _ _ _ _ _ _ _ _ _ _ _ _ _ _ _ _ _ _ _ _ _ _ \n\nself = <selenium.webdriver.support.wait.WebDriverWait (session=\"0a6251acbee9584897066c0ee926e483\")>, method = <function visibility_of_element_located.<locals>._predicate at 0x105059820>, message = ''\n\n    def until(self, method: Callable[[D], Union[Literal[False], T]], message: str = \"\") -> T:\n        \"\"\"Calls the method provided with the driver as an argument until the \\\n        return value does not evaluate to ``False``.\n    \n        :param method: callable(WebDriver)\n        :param message: optional message for :exc:`TimeoutException`\n        :returns: the result of the last call to `method`\n        :raises: :exc:`selenium.common.exceptions.TimeoutException` if timeout occurs\n        \"\"\"\n        screen = None\n        stacktrace = None\n    \n        end_time = time.monotonic() + self._timeout\n        while True:\n            try:\n                value = method(self._driver)\n                if value:\n                    return value\n            except self._ignored_exceptions as exc:\n                screen = getattr(exc, \"screen\", None)\n                stacktrace = getattr(exc, \"stacktrace\", None)\n            time.sleep(self._poll)\n            if time.monotonic() > end_time:\n                break\n>       raise TimeoutException(message, screen, stacktrace)\nE       selenium.common.exceptions.TimeoutException: Message: \nE       Stacktrace:\nE       0   chromedriver                        0x0000000104e36a80 chromedriver + 4385408\nE       1   chromedriver                        0x0000000104e2f38c chromedriver + 4354956\nE       2   chromedriver                        0x0000000104a4cb0c chromedriver + 281356\nE       3   chromedriver                        0x0000000104a8f2f8 chromedriver + 553720\nE       4   chromedriver                        0x0000000104ac7d24 chromedriver + 785700\nE       5   chromedriver                        0x0000000104a83eec chromedriver + 507628\nE       6   chromedriver                        0x0000000104a848c4 chromedriver + 510148\nE       7   chromedriver                        0x0000000104dfe43c chromedriver + 4154428\nE       8   chromedriver                        0x0000000104e02ea0 chromedriver + 4173472\nE       9   chromedriver                        0x0000000104de3ff8 chromedriver + 4046840\nE       10  chromedriver                        0x0000000104e0378c chromedriver + 4175756\nE       11  chromedriver                        0x0000000104dd6fb8 chromedriver + 3993528\nE       12  chromedriver                        0x0000000104e2121c chromedriver + 4297244\nE       13  chromedriver                        0x0000000104e21398 chromedriver + 4297624\nE       14  chromedriver                        0x0000000104e2ef84 chromedriver + 4353924\nE       15  libsystem_pthread.dylib             0x00000001902e2f94 _pthread_start + 136\nE       16  libsystem_pthread.dylib             0x00000001902ddd34 thread_start + 8\n\n.venv/lib/python3.8/site-packages/selenium/webdriver/support/wait.py:105: TimeoutException"}, "description": "Проверка значение счетчика до и после создания нового заказа + общее число", "steps": [{"name": "Нажать на кнопку Лента Заказов", "status": "passed", "steps": [{"name": "Ожидание возможности кликнуть на элементе", "status": "passed", "parameters": [{"name": "locator", "value": "('xpath', \"//p[text()='Лента Заказов']\")"}], "start": 1719548892707, "stop": 1719548892718}, {"name": "Нажать на элемент", "status": "passed", "parameters": [{"name": "locator", "value": "('xpath', \"//p[text()='Лента Заказов']\")"}], "start": 1719548892719, "stop": 1719548892737}], "start": 1719548892707, "stop": 1719548892737}, {"name": "Получение значения счетчика заказов", "status": "broken", "statusDetails": {"message": "selenium.common.exceptions.TimeoutException: Message: \nStacktrace:\n0   chromedriver                        0x0000000104e36a80 chromedriver + 4385408\n1   chromedriver                        0x0000000104e2f38c chromedriver + 4354956\n2   chromedriver                        0x0000000104a4cb0c chromedriver + 281356\n3   chromedriver                        0x0000000104a8f2f8 chromedriver + 553720\n4   chromedriver                        0x0000000104ac7d24 chromedriver + 785700\n5   chromedriver                        0x0000000104a83eec chromedriver + 507628\n6   chromedriver                        0x0000000104a848c4 chromedriver + 510148\n7   chromedriver                        0x0000000104dfe43c chromedriver + 4154428\n8   chromedriver                        0x0000000104e02ea0 chromedriver + 4173472\n9   chromedriver                        0x0000000104de3ff8 chromedriver + 4046840\n10  chromedriver                        0x0000000104e0378c chromedriver + 4175756\n11  chromedriver                        0x0000000104dd6fb8 chromedriver + 3993528\n12  chromedriver                        0x0000000104e2121c chromedriver + 4297244\n13  chromedriver                        0x0000000104e21398 chromedriver + 4297624\n14  chromedriver                        0x0000000104e2ef84 chromedriver + 4353924\n15  libsystem_pthread.dylib             0x00000001902e2f94 _pthread_start + 136\n16  libsystem_pthread.dylib             0x00000001902ddd34 thread_start + 8\n\n", "trace": "  File \"/Users/p.sinegubov/Downloads/Личные данные/git/Диплом_Павел_Синегубов_8/Diplom_3/.venv/lib/python3.8/site-packages/allure_commons/_allure.py\", line 192, in impl\n    return func(*a, **kw)\n  File \"/Users/p.sinegubov/Downloads/Личные данные/git/Диплом_Павел_Синегубов_8/Diplom_3/pages/order_feed_page.py\", line 41, in get_order_counter\n    self.wait_for_visibility_of_element(OrderFeedLocators.ORDER_FEED_HEADER)\n  File \"/Users/p.sinegubov/Downloads/Личные данные/git/Диплом_Павел_Синегубов_8/Diplom_3/.venv/lib/python3.8/site-packages/allure_commons/_allure.py\", line 192, in impl\n    return func(*a, **kw)\n  File \"/Users/p.sinegubov/Downloads/Личные данные/git/Диплом_Павел_Синегубов_8/Diplom_3/pages/base_page.py\", line 32, in wait_for_visibility_of_element\n    WebDriverWait(self.driver, 10).until(\n  File \"/Users/p.sinegubov/Downloads/Личные данные/git/Диплом_Павел_Синегубов_8/Diplom_3/.venv/lib/python3.8/site-packages/selenium/webdriver/support/wait.py\", line 105, in until\n    raise TimeoutException(message, screen, stacktrace)\n"}, "steps": [{"name": "Дождаться видимости элемента", "status": "broken", "statusDetails": {"message": "selenium.common.exceptions.TimeoutException: Message: \nStacktrace:\n0   chromedriver                        0x0000000104e36a80 chromedriver + 4385408\n1   chromedriver                        0x0000000104e2f38c chromedriver + 4354956\n2   chromedriver                        0x0000000104a4cb0c chromedriver + 281356\n3   chromedriver                        0x0000000104a8f2f8 chromedriver + 553720\n4   chromedriver                        0x0000000104ac7d24 chromedriver + 785700\n5   chromedriver                        0x0000000104a83eec chromedriver + 507628\n6   chromedriver                        0x0000000104a848c4 chromedriver + 510148\n7   chromedriver                        0x0000000104dfe43c chromedriver + 4154428\n8   chromedriver                        0x0000000104e02ea0 chromedriver + 4173472\n9   chromedriver                        0x0000000104de3ff8 chromedriver + 4046840\n10  chromedriver                        0x0000000104e0378c chromedriver + 4175756\n11  chromedriver                        0x0000000104dd6fb8 chromedriver + 3993528\n12  chromedriver                        0x0000000104e2121c chromedriver + 4297244\n13  chromedriver                        0x0000000104e21398 chromedriver + 4297624\n14  chromedriver                        0x0000000104e2ef84 chromedriver + 4353924\n15  libsystem_pthread.dylib             0x00000001902e2f94 _pthread_start + 136\n16  libsystem_pthread.dylib             0x00000001902ddd34 thread_start + 8\n\n", "trace": "  File \"/Users/p.sinegubov/Downloads/Личные данные/git/Диплом_Павел_Синегубов_8/Diplom_3/.venv/lib/python3.8/site-packages/allure_commons/_allure.py\", line 192, in impl\n    return func(*a, **kw)\n  File \"/Users/p.sinegubov/Downloads/Личные данные/git/Диплом_Павел_Синегубов_8/Diplom_3/pages/base_page.py\", line 32, in wait_for_visibility_of_element\n    WebDriverWait(self.driver, 10).until(\n  File \"/Users/p.sinegubov/Downloads/Личные данные/git/Диплом_Павел_Синегубов_8/Diplom_3/.venv/lib/python3.8/site-packages/selenium/webdriver/support/wait.py\", line 105, in until\n    raise TimeoutException(message, screen, stacktrace)\n"}, "parameters": [{"name": "locator", "value": "('xpath', \"//h1[text()='Лента заказов']\")"}], "start": 1719548892737, "stop": 1719548902959}], "parameters": [{"name": "counter", "value": "('xpath', \"//p[text()='Выполнено за все время:']/../p[contains(@class, 'digits')]\")"}], "start": 1719548892737, "stop": 1719548902959}], "parameters": [{"name": "driver", "value": "'chrome'"}, {"name": "counter", "value": "('xpath', \"//p[text()='Выполнено за все время:']/../p[contains(@class, 'digits')]\")"}], "start": 1719548892706, "stop": 1719548902960, "uuid": "b3f032c0-9444-4baf-9560-2500bf1c9e62", "historyId": "b4c58399593afd3491330735bff0f017", "testCaseId": "aa842c6ffb3e5c947b17f022d263854b", "fullName": "tests.test_order_feed.TestOrderFeed#test_order_counter_today_and_all_time_value", "labels": [{"name": "feature", "value": "Лента заказов"}, {"name": "parentSuite", "value": "tests"}, {"name": "suite", "value": "test_order_feed"}, {"name": "subSuite", "value": "TestOrderFeed"}, {"name": "host", "value": "NB0727.local"}, {"name": "thread", "value": "86738-MainThread"}, {"name": "framework", "value": "pytest"}, {"name": "language", "value": "cpython3"}, {"name": "package", "value": "tests.test_order_feed"}]}