{"name": "Тест перехода по клику на Конструктор", "status": "failed", "statusDetails": {"message": "AssertionError: assert 'https://stel...parties.site/' == 'https://stel...eparties.site'\n  \n  - https://stellarburgers.nomoreparties.site\n  + https://stellarburgers.nomoreparties.site/\n  ?                                          +", "trace": "self = <tests.test_main_function.TestMainFunction object at 0x104f48b50>, driver = <selenium.webdriver.chrome.webdriver.WebDriver (session=\"c7ff80f56f0efd0ec4113032078d996e\")>\n\n    @allure.title(\"Тест перехода по клику на Конструктор\")\n    @allure.description(\"Переходим в конструктор и сверяем текущую страницу с константой по URL\")\n    def test_transfer_to_constructor(self, driver):\n        order_feed_page = OrderFeedPage(driver)\n        order_feed_page.click_constructor_button()\n        main_page = MainPage(driver)\n        current_url = main_page.check_transfer_to_main_page()\n    \n>       assert current_url == URL.BASE_URL\nE       AssertionError: assert 'https://stel...parties.site/' == 'https://stel...eparties.site'\nE         \nE         - https://stellarburgers.nomoreparties.site\nE         + https://stellarburgers.nomoreparties.site/\nE         ?                                          +\n\ntests/test_main_function.py:20: AssertionError"}, "description": "Переходим в конструктор и сверяем текущую страницу с константой по URL", "steps": [{"name": "Клик на кнопку Конструктор", "status": "passed", "steps": [{"name": "Нажать на элемент", "status": "passed", "parameters": [{"name": "locator", "value": "('xpath', \"//p[text()='Конструктор']\")"}], "start": 1719513675715, "stop": 1719513675934}], "start": 1719513675715, "stop": 1719513675934}, {"name": "Проверка перехода на главную страницу", "status": "passed", "steps": [{"name": "Дождаться видимости элемента", "status": "passed", "parameters": [{"name": "locator", "value": "('xpath', \"//h1[text()='Соберите бургер']\")"}], "start": 1719513675934, "stop": 1719513675947}, {"name": "Получить текущую ссылку", "status": "passed", "start": 1719513675947, "stop": 1719513675958}], "start": 1719513675934, "stop": 1719513675958}], "parameters": [{"name": "driver", "value": "'chrome'"}], "start": 1719513675714, "stop": 1719513675958, "uuid": "5901312d-9d9d-4082-b0fa-c460b651e72d", "historyId": "2799ffe2fb00d8aa1bc6ab4d39b7ce51", "testCaseId": "21500ea72d464cee00ed1ff3e7ddf2b0", "fullName": "tests.test_main_function.TestMainFunction#test_transfer_to_constructor", "labels": [{"name": "feature", "value": "Проверка основного функционала"}, {"name": "parentSuite", "value": "tests"}, {"name": "suite", "value": "test_main_function"}, {"name": "subSuite", "value": "TestMainFunction"}, {"name": "host", "value": "NB0727.local"}, {"name": "thread", "value": "44469-MainThread"}, {"name": "framework", "value": "pytest"}, {"name": "language", "value": "cpython3"}, {"name": "package", "value": "tests.test_main_function"}]}